#
# A fatal error has been detected by the Java Runtime Environment:
#
#  Internal Error (javaClasses.cpp:129), pid=3427, tid=139660183918336
#  fatal error: Invalid layout of preloaded class
#
# JRE version: 7.0_09-b30
# Java VM: OpenJDK 64-Bit Server VM (23.2-b09 mixed mode linux-amd64 compressed oops)
# Failed to write core dump. Core dumps have been disabled. To enable core dumping, try "ulimit -c unlimited" before starting Java again
#
# If you would like to submit a bug report, please include
# instructions on how to reproduce the bug and visit:
#   https://bugs.launchpad.net/ubuntu/+source/openjdk-7/
#

---------------  T H R E A D  ---------------

Current thread (0x00007f0524009800):  JavaThread "Unknown thread" [_thread_in_vm, id=3434, stack(0x00007f052b96d000,0x00007f052ba6e000)]

Stack: [0x00007f052b96d000,0x00007f052ba6e000],  sp=0x00007f052ba6c9e0,  free space=1022k
Native frames: (J=compiled Java code, j=interpreted, Vv=VM code, C=native code)
V  [libjvm.so+0x856a0b]  VMError::report_and_die()+0x16b
V  [libjvm.so+0x3ee247]  report_fatal(char const*, int, char const*)+0x57
V  [libjvm.so+0x52abda]  compute_offset(int&, klassOopDesc*, Symbol*, Symbol*, bool) [clone .constprop.122]+0x11a
V  [libjvm.so+0x52ace6]  java_lang_String::compute_offsets()+0x36
V  [libjvm.so+0x7e358d]  SystemDictionary::initialize_preloaded_classes(Thread*)+0x3d
V  [libjvm.so+0x8304e8]  Universe::genesis(Thread*)+0x468
V  [libjvm.so+0x83099f]  universe2_init()+0x1f
V  [libjvm.so+0x4df4ba]  init_globals()+0x9a
V  [libjvm.so+0x813f0c]  Threads::create_vm(JavaVMInitArgs*, bool*)+0x39c
V  [libjvm.so+0x547868]  JNI_CreateJavaVM+0x58
C  [libjli.so+0x28f4]  __strcat_chk+0x28f4


---------------  P R O C E S S  ---------------

Java Threads: ( => current thread )

Other Threads:

=>0x00007f0524009800 (exited) JavaThread "Unknown thread" [_thread_in_vm, id=3434, stack(0x00007f052b96d000,0x00007f052ba6e000)]

VM state:not at safepoint (not fully initialized)

VM Mutex/Monitor currently owned by a thread: None

GC Heap History (0 events):
No events

Deoptimization events (0 events):
No events

Internal exceptions (0 events):
No events

Events (10 events):
Event: 0.006 loading class 0x00007f052402b280 done
Event: 0.007 loading class 0x00007f052402ab20 done
Event: 0.007 loading class 0x00007f052402aaf0
Event: 0.007 loading class 0x00007f0524055cc0
Event: 0.007 loading class 0x00007f0524055cc0 done
Event: 0.007 loading class 0x00007f0524055d00
Event: 0.007 loading class 0x00007f0524055d00 done
Event: 0.007 loading class 0x00007f0524055d40
Event: 0.007 loading class 0x00007f0524055d40 done
Event: 0.007 loading class 0x00007f052402aaf0 done


Dynamic libraries:
00400000-00401000 r-xp 00000000 08:06 18751852                           /usr/lib/jvm/java-7-openjdk-amd64/jre/bin/java
00600000-00601000 r--p 00000000 08:06 18751852                           /usr/lib/jvm/java-7-openjdk-amd64/jre/bin/java
00601000-00602000 rw-p 00001000 08:06 18751852                           /usr/lib/jvm/java-7-openjdk-amd64/jre/bin/java
007c3000-007e4000 rw-p 00000000 00:00 0                                  [heap]
9a600000-9bac0000 rw-p 00000000 00:00 0 
9bac0000-a4c00000 rw-p 00000000 00:00 0 
a4c00000-a88e0000 rw-p 00000000 00:00 0 
a88e0000-e1960000 rw-p 00000000 00:00 0 
e1960000-e37c0000 rw-p 00000000 00:00 0 
e37c0000-100000000 rw-p 00000000 00:00 0 
7f0504000000-7f0504021000 rw-p 00000000 00:00 0 
7f0504021000-7f0508000000 ---p 00000000 00:00 0 
7f050c000000-7f050c021000 rw-p 00000000 00:00 0 
7f050c021000-7f0510000000 ---p 00000000 00:00 0 
7f0514000000-7f0514021000 rw-p 00000000 00:00 0 
7f0514021000-7f0518000000 ---p 00000000 00:00 0 
7f051807c000-7f051c000000 rw-p 00000000 00:00 0 
7f051c000000-7f051c021000 rw-p 00000000 00:00 0 
7f051c021000-7f0520000000 ---p 00000000 00:00 0 
7f0520a2d000-7f0520c38000 rw-p 00000000 00:00 0 
7f0520c38000-7f0520cfd000 r--s 0115c000 08:06 14031995                   /home/lucas/Área de Trabalho/android-sdk-linux/platforms/android-17/android.jar
7f0520cfd000-7f0520cfe000 ---p 00000000 00:00 0 
7f0520cfe000-7f0520dfe000 rw-p 00000000 00:00 0                          [stack:3438]
7f0520dfe000-7f0520dff000 ---p 00000000 00:00 0 
7f0520dff000-7f0520eff000 rw-p 00000000 00:00 0                          [stack:3437]
7f0520eff000-7f0520f00000 ---p 00000000 00:00 0 
7f0520f00000-7f0521000000 rw-p 00000000 00:00 0                          [stack:3436]
7f0521000000-7f0521270000 rwxp 00000000 00:00 0 
7f0521270000-7f0524060000 rw-p 00000000 00:00 0 
7f0524060000-7f0528000000 ---p 00000000 00:00 0 
7f052802d000-7f0528063000 rw-p 00000000 00:00 0 
7f0528063000-7f0528064000 ---p 00000000 00:00 0 
7f0528064000-7f052816f000 rw-p 00000000 00:00 0                          [stack:3435]
7f052816f000-7f05281b7000 rw-p 00000000 00:00 0 
7f05281b7000-7f05281d6000 rw-p 00000000 00:00 0 
7f05281d6000-7f052839e000 rw-p 00000000 00:00 0 
7f052839e000-7f05283a9000 rw-p 00000000 00:00 0 
7f05283a9000-7f05283f1000 rw-p 00000000 00:00 0 
7f05283f1000-7f0528410000 rw-p 00000000 00:00 0 
7f0528410000-7f05285d7000 rw-p 00000000 00:00 0 
7f05285d7000-7f05285e7000 rw-p 00000000 00:00 0 
7f05285e7000-7f05286cb000 rw-p 00000000 00:00 0 
7f05286cb000-7f05286cc000 rw-p 00000000 00:00 0 
7f05286cc000-7f05286d4000 r-xp 00000000 08:06 18751851                   /usr/lib/jvm/java-7-openjdk-amd64/jre/lib/amd64/libzip.so
7f05286d4000-7f05288d3000 ---p 00008000 08:06 18751851                   /usr/lib/jvm/java-7-openjdk-amd64/jre/lib/amd64/libzip.so
7f05288d3000-7f05288d4000 r--p 00007000 08:06 18751851                   /usr/lib/jvm/java-7-openjdk-amd64/jre/lib/amd64/libzip.so
7f05288d4000-7f05288d5000 rw-p 00008000 08:06 18751851                   /usr/lib/jvm/java-7-openjdk-amd64/jre/lib/amd64/libzip.so
7f05288d5000-7f05288e1000 r-xp 00000000 08:06 15338995                   /lib/x86_64-linux-gnu/libnss_files-2.15.so
7f05288e1000-7f0528ae0000 ---p 0000c000 08:06 15338995                   /lib/x86_64-linux-gnu/libnss_files-2.15.so
7f0528ae0000-7f0528ae1000 r--p 0000b000 08:06 15338995                   /lib/x86_64-linux-gnu/libnss_files-2.15.so
7f0528ae1000-7f0528ae2000 rw-p 0000c000 08:06 15338995                   /lib/x86_64-linux-gnu/libnss_files-2.15.so
7f0528ae2000-7f0528aec000 r-xp 00000000 08:06 15338999                   /lib/x86_64-linux-gnu/libnss_nis-2.15.so
7f0528aec000-7f0528cec000 ---p 0000a000 08:06 15338999                   /lib/x86_64-linux-gnu/libnss_nis-2.15.so
7f0528cec000-7f0528ced000 r--p 0000a000 08:06 15338999                   /lib/x86_64-linux-gnu/libnss_nis-2.15.so
7f0528ced000-7f0528cee000 rw-p 0000b000 08:06 15338999                   /lib/x86_64-linux-gnu/libnss_nis-2.15.so
7f0528cee000-7f0528d05000 r-xp 00000000 08:06 15338989                   /lib/x86_64-linux-gnu/libnsl-2.15.so
7f0528d05000-7f0528f04000 ---p 00017000 08:06 15338989                   /lib/x86_64-linux-gnu/libnsl-2.15.so
7f0528f04000-7f0528f05000 r--p 00016000 08:06 15338989                   /lib/x86_64-linux-gnu/libnsl-2.15.so
7f0528f05000-7f0528f06000 rw-p 00017000 08:06 15338989                   /lib/x86_64-linux-gnu/libnsl-2.15.so
7f0528f06000-7f0528f08000 rw-p 00000000 00:00 0 
7f0528f08000-7f0528f10000 r-xp 00000000 08:06 15338991                   /lib/x86_64-linux-gnu/libnss_compat-2.15.so
7f0528f10000-7f052910f000 ---p 00008000 08:06 15338991                   /lib/x86_64-linux-gnu/libnss_compat-2.15.so
7f052910f000-7f0529110000 r--p 00007000 08:06 15338991                   /lib/x86_64-linux-gnu/libnss_compat-2.15.so
7f0529110000-7f0529111000 rw-p 00008000 08:06 15338991                   /lib/x86_64-linux-gnu/libnss_compat-2.15.so
7f0529111000-7f052913c000 r-xp 00000000 08:06 18751836                   /usr/lib/jvm/java-7-openjdk-amd64/jre/lib/amd64/libjava.so
7f052913c000-7f052933b000 ---p 0002b000 08:06 18751836                   /usr/lib/jvm/java-7-openjdk-amd64/jre/lib/amd64/libjava.so
7f052933b000-7f052933c000 r--p 0002a000 08:06 18751836                   /usr/lib/jvm/java-7-openjdk-amd64/jre/lib/amd64/libjava.so
7f052933c000-7f052933e000 rw-p 0002b000 08:06 18751836                   /usr/lib/jvm/java-7-openjdk-amd64/jre/lib/amd64/libjava.so
7f052933e000-7f052934d000 r-xp 00000000 08:06 18751835                   /usr/lib/jvm/java-7-openjdk-amd64/jre/lib/amd64/libverify.so
7f052934d000-7f052954c000 ---p 0000f000 08:06 18751835                   /usr/lib/jvm/java-7-openjdk-amd64/jre/lib/amd64/libverify.so
7f052954c000-7f052954e000 r--p 0000e000 08:06 18751835                   /usr/lib/jvm/java-7-openjdk-amd64/jre/lib/amd64/libverify.so
7f052954e000-7f052954f000 rw-p 00010000 08:06 18751835                   /usr/lib/jvm/java-7-openjdk-amd64/jre/lib/amd64/libverify.so
7f052954f000-7f0529556000 r-xp 00000000 08:06 15339034                   /lib/x86_64-linux-gnu/librt-2.15.so
7f0529556000-7f0529755000 ---p 00007000 08:06 15339034                   /lib/x86_64-linux-gnu/librt-2.15.so
7f0529755000-7f0529756000 r--p 00006000 08:06 15339034                   /lib/x86_64-linux-gnu/librt-2.15.so
7f0529756000-7f0529757000 rw-p 00007000 08:06 15339034                   /lib/x86_64-linux-gnu/librt-2.15.so
7f0529757000-7f052976c000 r-xp 00000000 08:06 15338955                   /lib/x86_64-linux-gnu/libgcc_s.so.1
7f052976c000-7f052996b000 ---p 00015000 08:06 15338955                   /lib/x86_64-linux-gnu/libgcc_s.so.1
7f052996b000-7f052996c000 r--p 00014000 08:06 15338955                   /lib/x86_64-linux-gnu/libgcc_s.so.1
7f052996c000-7f052996d000 rw-p 00015000 08:06 15338955                   /lib/x86_64-linux-gnu/libgcc_s.so.1
7f052996d000-7f0529a68000 r-xp 00000000 08:06 15338972                   /lib/x86_64-linux-gnu/libm-2.15.so
7f0529a68000-7f0529c67000 ---p 000fb000 08:06 15338972                   /lib/x86_64-linux-gnu/libm-2.15.so
7f0529c67000-7f0529c68000 r--p 000fa000 08:06 15338972                   /lib/x86_64-linux-gnu/libm-2.15.so
7f0529c68000-7f0529c69000 rw-p 000fb000 08:06 15338972                   /lib/x86_64-linux-gnu/libm-2.15.so
7f0529c69000-7f0529d4e000 r-xp 00000000 08:06 18751124                   /usr/lib/x86_64-linux-gnu/libstdc++.so.6.0.17
7f0529d4e000-7f0529f4d000 ---p 000e5000 08:06 18751124                   /usr/lib/x86_64-linux-gnu/libstdc++.so.6.0.17
7f0529f4d000-7f0529f55000 r--p 000e4000 08:06 18751124                   /usr/lib/x86_64-linux-gnu/libstdc++.so.6.0.17
7f0529f55000-7f0529f57000 rw-p 000ec000 08:06 18751124                   /usr/lib/x86_64-linux-gnu/libstdc++.so.6.0.17
7f0529f57000-7f0529f6c000 rw-p 00000000 00:00 0 
7f0529f6c000-7f052a967000 r-xp 00000000 08:06 18751840                   /usr/lib/jvm/java-7-openjdk-amd64/jre/lib/amd64/server/libjvm.so
7f052a967000-7f052ab66000 ---p 009fb000 08:06 18751840                   /usr/lib/jvm/java-7-openjdk-amd64/jre/lib/amd64/server/libjvm.so
7f052ab66000-7f052abe5000 r--p 009fa000 08:06 18751840                   /usr/lib/jvm/java-7-openjdk-amd64/jre/lib/amd64/server/libjvm.so
7f052abe5000-7f052ac08000 rw-p 00a79000 08:06 18751840                   /usr/lib/jvm/java-7-openjdk-amd64/jre/lib/amd64/server/libjvm.so
7f052ac08000-7f052ac33000 rw-p 00000000 00:00 0 
7f052ac33000-7f052ac49000 r-xp 00000000 08:06 15339064                   /lib/x86_64-linux-gnu/libz.so.1.2.7
7f052ac49000-7f052ae48000 ---p 00016000 08:06 15339064                   /lib/x86_64-linux-gnu/libz.so.1.2.7
7f052ae48000-7f052ae49000 r--p 00015000 08:06 15339064                   /lib/x86_64-linux-gnu/libz.so.1.2.7
7f052ae49000-7f052ae4a000 rw-p 00016000 08:06 15339064                   /lib/x86_64-linux-gnu/libz.so.1.2.7
7f052ae4a000-7f052ae62000 r-xp 00000000 08:06 15339026                   /lib/x86_64-linux-gnu/libpthread-2.15.so
7f052ae62000-7f052b061000 ---p 00018000 08:06 15339026                   /lib/x86_64-linux-gnu/libpthread-2.15.so
7f052b061000-7f052b062000 r--p 00017000 08:06 15339026                   /lib/x86_64-linux-gnu/libpthread-2.15.so
7f052b062000-7f052b063000 rw-p 00018000 08:06 15339026                   /lib/x86_64-linux-gnu/libpthread-2.15.so
7f052b063000-7f052b067000 rw-p 00000000 00:00 0 
7f052b067000-7f052b069000 r-xp 00000000 08:06 15338945                   /lib/x86_64-linux-gnu/libdl-2.15.so
7f052b069000-7f052b269000 ---p 00002000 08:06 15338945                   /lib/x86_64-linux-gnu/libdl-2.15.so
7f052b269000-7f052b26a000 r--p 00002000 08:06 15338945                   /lib/x86_64-linux-gnu/libdl-2.15.so
7f052b26a000-7f052b26b000 rw-p 00003000 08:06 15338945                   /lib/x86_64-linux-gnu/libdl-2.15.so
7f052b26b000-7f052b420000 r-xp 00000000 08:06 15338930                   /lib/x86_64-linux-gnu/libc-2.15.so
7f052b420000-7f052b61f000 ---p 001b5000 08:06 15338930                   /lib/x86_64-linux-gnu/libc-2.15.so
7f052b61f000-7f052b623000 r--p 001b4000 08:06 15338930                   /lib/x86_64-linux-gnu/libc-2.15.so
7f052b623000-7f052b625000 rw-p 001b8000 08:06 15338930                   /lib/x86_64-linux-gnu/libc-2.15.so
7f052b625000-7f052b62a000 rw-p 00000000 00:00 0 
7f052b645000-7f052b652000 r-xp 00000000 08:06 18751818                   /usr/lib/jvm/java-7-openjdk-amd64/jre/lib/amd64/jli/libjli.so
7f052b652000-7f052b851000 ---p 0000d000 08:06 18751818                   /usr/lib/jvm/java-7-openjdk-amd64/jre/lib/amd64/jli/libjli.so
7f052b851000-7f052b852000 r--p 0000c000 08:06 18751818                   /usr/lib/jvm/java-7-openjdk-amd64/jre/lib/amd64/jli/libjli.so
7f052b852000-7f052b853000 rw-p 0000d000 08:06 18751818                   /usr/lib/jvm/java-7-openjdk-amd64/jre/lib/amd64/jli/libjli.so
7f052b853000-7f052b875000 r-xp 00000000 08:06 15338908                   /lib/x86_64-linux-gnu/ld-2.15.so
7f052b879000-7f052b8ad000 rw-p 00000000 00:00 0 
7f052b8ad000-7f052b963000 rw-p 00000000 00:00 0 
7f052b963000-7f052b96b000 rw-s 00000000 08:06 14549730                   /tmp/hsperfdata_lucas/3427
7f052b96b000-7f052b96c000 rw-p 00000000 00:00 0 
7f052b96c000-7f052b96d000 r--p 00000000 00:00 0 
7f052b96d000-7f052b970000 ---p 00000000 00:00 0 
7f052b970000-7f052ba75000 rw-p 00000000 00:00 0                          [stack:3434]
7f052ba75000-7f052ba76000 r--p 00022000 08:06 15338908                   /lib/x86_64-linux-gnu/ld-2.15.so
7f052ba76000-7f052ba78000 rw-p 00023000 08:06 15338908                   /lib/x86_64-linux-gnu/ld-2.15.so
7fff2cb02000-7fff2cb23000 rw-p 00000000 00:00 0                          [stack]
7fff2cbdc000-7fff2cbdd000 r-xp 00000000 00:00 0                          [vdso]
ffffffffff600000-ffffffffff601000 r-xp 00000000 00:00 0                  [vsyscall]

VM Arguments:
jvm_args: -Dfile.encoding=UTF-8 -Xbootclasspath:/home/lucas/Área de Trabalho/android-sdk-linux/platforms/android-17/android.jar 
java_command: org.eclipse.jdt.internal.junit.runner.RemoteTestRunner -version 3 -port 36966 -testLoaderClass org.eclipse.jdt.internal.junit4.runner.JUnit4TestLoader -loaderpluginname org.eclipse.jdt.junit4.runtime -classNames fga.mds.abcdario.model.test.TestJogoModel
Launcher Type: SUN_STANDARD

Environment Variables:
PATH=/usr/lib/lightdm/lightdm:/usr/local/sbin:/usr/local/bin:/usr/sbin:/usr/bin:/sbin:/bin:/usr/games:/usr/local/games
SHELL=/bin/bash
DISPLAY=:0.0

Signal Handlers:
SIGSEGV: [libjvm.so+0x8574f0], sa_mask[0]=0x7ffbfeff, sa_flags=0x10000004
SIGBUS: [libjvm.so+0x8574f0], sa_mask[0]=0x7ffbfeff, sa_flags=0x10000004
SIGFPE: [libjvm.so+0x6f81f0], sa_mask[0]=0x7ffbfeff, sa_flags=0x10000004
SIGPIPE: [libjvm.so+0x6f81f0], sa_mask[0]=0x7ffbfeff, sa_flags=0x10000004
SIGXFSZ: [libjvm.so+0x6f81f0], sa_mask[0]=0x7ffbfeff, sa_flags=0x10000004
SIGILL: [libjvm.so+0x6f81f0], sa_mask[0]=0x7ffbfeff, sa_flags=0x10000004
SIGUSR1: SIG_DFL, sa_mask[0]=0x00000000, sa_flags=0x00000000
SIGUSR2: [libjvm.so+0x6f8440], sa_mask[0]=0x00000004, sa_flags=0x10000004
SIGHUP: SIG_DFL, sa_mask[0]=0x00000000, sa_flags=0x00000000
SIGINT: SIG_DFL, sa_mask[0]=0x00000000, sa_flags=0x00000000
SIGTERM: SIG_DFL, sa_mask[0]=0x00000000, sa_flags=0x00000000
SIGQUIT: SIG_DFL, sa_mask[0]=0x00000000, sa_flags=0x00000000


---------------  S Y S T E M  ---------------

OS:Ubuntu 12.10 (quantal)
uname:Linux 3.5.0-23-generic #35-Ubuntu SMP Thu Jan 24 13:15:40 UTC 2013 x86_64
libc:glibc 2.15 NPTL 2.15 
rlimit: STACK 8192k, CORE 0k, NPROC 46575, NOFILE 4096, AS infinity
load average:0.03 0.10 0.19

/proc/meminfo:
MemTotal:        5980000 kB
MemFree:         3718900 kB
Buffers:           98500 kB
Cached:           938556 kB
SwapCached:            0 kB
Active:          1242088 kB
Inactive:         802504 kB
Active(anon):    1015756 kB
Inactive(anon):   207780 kB
Active(file):     226332 kB
Inactive(file):   594724 kB
Unevictable:       31340 kB
Mlocked:           31340 kB
SwapTotal:       3999740 kB
SwapFree:        3999740 kB
Dirty:               344 kB
Writeback:             0 kB
AnonPages:       1039072 kB
Mapped:           168800 kB
Shmem:            209956 kB
Slab:              73632 kB
SReclaimable:      45716 kB
SUnreclaim:        27916 kB
KernelStack:        4088 kB
PageTables:        31364 kB
NFS_Unstable:          0 kB
Bounce:                0 kB
WritebackTmp:          0 kB
CommitLimit:     6989740 kB
Committed_AS:    4362736 kB
VmallocTotal:   34359738367 kB
VmallocUsed:      410108 kB
VmallocChunk:   34359325283 kB
HardwareCorrupted:     0 kB
AnonHugePages:         0 kB
HugePages_Total:       0
HugePages_Free:        0
HugePages_Rsvd:        0
HugePages_Surp:        0
Hugepagesize:       2048 kB
DirectMap4k:       63488 kB
DirectMap2M:     6135808 kB


CPU:total 4 (2 cores per cpu, 2 threads per core) family 6 model 58 stepping 9, cmov, cx8, fxsr, mmx, sse, sse2, sse3, ssse3, sse4.1, sse4.2, popcnt, avx, ht, tsc, tscinvbit, tscinv

/proc/cpuinfo:
processor	: 0
vendor_id	: GenuineIntel
cpu family	: 6
model		: 58
model name	: Intel(R) Core(TM) i5-3210M CPU @ 2.50GHz
stepping	: 9
microcode	: 0x12
cpu MHz		: 2501.000
cache size	: 3072 KB
physical id	: 0
siblings	: 4
core id		: 0
cpu cores	: 2
apicid		: 0
initial apicid	: 0
fpu		: yes
fpu_exception	: yes
cpuid level	: 13
wp		: yes
flags		: fpu vme de pse tsc msr pae mce cx8 apic sep mtrr pge mca cmov pat pse36 clflush dts acpi mmx fxsr sse sse2 ss ht tm pbe syscall nx rdtscp lm constant_tsc arch_perfmon pebs bts rep_good nopl xtopology nonstop_tsc aperfmperf pni pclmulqdq dtes64 monitor ds_cpl vmx est tm2 ssse3 cx16 xtpr pdcm pcid sse4_1 sse4_2 x2apic popcnt tsc_deadline_timer aes xsave avx f16c rdrand lahf_lm ida arat epb xsaveopt pln pts dtherm tpr_shadow vnmi flexpriority ept vpid fsgsbase smep erms
bogomips	: 4988.78
clflush size	: 64
cache_alignment	: 64
address sizes	: 36 bits physical, 48 bits virtual
power management:

processor	: 1
vendor_id	: GenuineIntel
cpu family	: 6
model		: 58
model name	: Intel(R) Core(TM) i5-3210M CPU @ 2.50GHz
stepping	: 9
microcode	: 0x12
cpu MHz		: 1500.000
cache size	: 3072 KB
physical id	: 0
siblings	: 4
core id		: 0
cpu cores	: 2
apicid		: 1
initial apicid	: 1
fpu		: yes
fpu_exception	: yes
cpuid level	: 13
wp		: yes
flags		: fpu vme de pse tsc msr pae mce cx8 apic sep mtrr pge mca cmov pat pse36 clflush dts acpi mmx fxsr sse sse2 ss ht tm pbe syscall nx rdtscp lm constant_tsc arch_perfmon pebs bts rep_good nopl xtopology nonstop_tsc aperfmperf pni pclmulqdq dtes64 monitor ds_cpl vmx est tm2 ssse3 cx16 xtpr pdcm pcid sse4_1 sse4_2 x2apic popcnt tsc_deadline_timer aes xsave avx f16c rdrand lahf_lm ida arat epb xsaveopt pln pts dtherm tpr_shadow vnmi flexpriority ept vpid fsgsbase smep erms
bogomips	: 4988.78
clflush size	: 64
cache_alignment	: 64
address sizes	: 36 bits physical, 48 bits virtual
power management:

processor	: 2
vendor_id	: GenuineIntel
cpu family	: 6
model		: 58
model name	: Intel(R) Core(TM) i5-3210M CPU @ 2.50GHz
stepping	: 9
microcode	: 0x12
cpu MHz		: 1200.000
cache size	: 3072 KB
physical id	: 0
siblings	: 4
core id		: 1
cpu cores	: 2
apicid		: 2
initial apicid	: 2
fpu		: yes
fpu_exception	: yes
cpuid level	: 13
wp		: yes
flags		: fpu vme de pse tsc msr pae mce cx8 apic sep mtrr pge mca cmov pat pse36 clflush dts acpi mmx fxsr sse sse2 ss ht tm pbe syscall nx rdtscp lm constant_tsc arch_perfmon pebs bts rep_good nopl xtopology nonstop_tsc aperfmperf pni pclmulqdq dtes64 monitor ds_cpl vmx est tm2 ssse3 cx16 xtpr pdcm pcid sse4_1 sse4_2 x2apic popcnt tsc_deadline_timer aes xsave avx f16c rdrand lahf_lm ida arat epb xsaveopt pln pts dtherm tpr_shadow vnmi flexpriority ept vpid fsgsbase smep erms
bogomips	: 4988.78
clflush size	: 64
cache_alignment	: 64
address sizes	: 36 bits physical, 48 bits virtual
power management:

processor	: 3
vendor_id	: GenuineIntel
cpu family	: 6
model		: 58
model name	: Intel(R) Core(TM) i5-3210M CPU @ 2.50GHz
stepping	: 9
microcode	: 0x12
cpu MHz		: 2501.000
cache size	: 3072 KB
physical id	: 0
siblings	: 4
core id		: 1
cpu cores	: 2
apicid		: 3
initial apicid	: 3
fpu		: yes
fpu_exception	: yes
cpuid level	: 13
wp		: yes
flags		: fpu vme de pse tsc msr pae mce cx8 apic sep mtrr pge mca cmov pat pse36 clflush dts acpi mmx fxsr sse sse2 ss ht tm pbe syscall nx rdtscp lm constant_tsc arch_perfmon pebs bts rep_good nopl xtopology nonstop_tsc aperfmperf pni pclmulqdq dtes64 monitor ds_cpl vmx est tm2 ssse3 cx16 xtpr pdcm pcid sse4_1 sse4_2 x2apic popcnt tsc_deadline_timer aes xsave avx f16c rdrand lahf_lm ida arat epb xsaveopt pln pts dtherm tpr_shadow vnmi flexpriority ept vpid fsgsbase smep erms
bogomips	: 4988.78
clflush size	: 64
cache_alignment	: 64
address sizes	: 36 bits physical, 48 bits virtual
power management:



Memory: 4k page, physical 5980000k(3718900k free), swap 3999740k(3999740k free)

vm_info: OpenJDK 64-Bit Server VM (23.2-b09) for linux-amd64 JRE (1.7.0_09-b30), built on Jan 16 2013 03:28:09 by "buildd" with gcc 4.7.2

time: Sat Feb  9 18:47:06 2013
elapsed time: 0 seconds

