#
# A fatal error has been detected by the Java Runtime Environment:
#
#  Internal Error (javaClasses.cpp:129), pid=4707, tid=140565233026816
#  fatal error: Invalid layout of preloaded class
#
# JRE version: 7.0_09-b30
# Java VM: OpenJDK 64-Bit Server VM (23.2-b09 mixed mode linux-amd64 compressed oops)
# Failed to write core dump. Core dumps have been disabled. To enable core dumping, try "ulimit -c unlimited" before starting Java again
#
# If you would like to submit a bug report, please include
# instructions on how to reproduce the bug and visit:
#   https://bugs.launchpad.net/ubuntu/+source/openjdk-7/
#

---------------  T H R E A D  ---------------

Current thread (0x00007fd7dc009800):  JavaThread "Unknown thread" [_thread_in_vm, id=4709, stack(0x00007fd7e4b84000,0x00007fd7e4c85000)]

Stack: [0x00007fd7e4b84000,0x00007fd7e4c85000],  sp=0x00007fd7e4c839e0,  free space=1022k
Native frames: (J=compiled Java code, j=interpreted, Vv=VM code, C=native code)
V  [libjvm.so+0x856a0b]  VMError::report_and_die()+0x16b
V  [libjvm.so+0x3ee247]  report_fatal(char const*, int, char const*)+0x57
V  [libjvm.so+0x52abda]  compute_offset(int&, klassOopDesc*, Symbol*, Symbol*, bool) [clone .constprop.122]+0x11a
V  [libjvm.so+0x52ace6]  java_lang_String::compute_offsets()+0x36
V  [libjvm.so+0x7e358d]  SystemDictionary::initialize_preloaded_classes(Thread*)+0x3d
V  [libjvm.so+0x8304e8]  Universe::genesis(Thread*)+0x468
V  [libjvm.so+0x83099f]  universe2_init()+0x1f
V  [libjvm.so+0x4df4ba]  init_globals()+0x9a
V  [libjvm.so+0x813f0c]  Threads::create_vm(JavaVMInitArgs*, bool*)+0x39c
V  [libjvm.so+0x547868]  JNI_CreateJavaVM+0x58
C  [libjli.so+0x28f4]  __strcat_chk+0x28f4


---------------  P R O C E S S  ---------------

Java Threads: ( => current thread )

Other Threads:

=>0x00007fd7dc009800 (exited) JavaThread "Unknown thread" [_thread_in_vm, id=4709, stack(0x00007fd7e4b84000,0x00007fd7e4c85000)]

VM state:not at safepoint (not fully initialized)

VM Mutex/Monitor currently owned by a thread: None

GC Heap History (0 events):
No events

Deoptimization events (0 events):
No events

Internal exceptions (0 events):
No events

Events (10 events):
Event: 0.006 loading class 0x00007fd7dc02b280 done
Event: 0.006 loading class 0x00007fd7dc02ab20 done
Event: 0.006 loading class 0x00007fd7dc02aaf0
Event: 0.006 loading class 0x00007fd7dc055cc0
Event: 0.006 loading class 0x00007fd7dc055cc0 done
Event: 0.006 loading class 0x00007fd7dc055d00
Event: 0.006 loading class 0x00007fd7dc055d00 done
Event: 0.006 loading class 0x00007fd7dc055d40
Event: 0.006 loading class 0x00007fd7dc055d40 done
Event: 0.006 loading class 0x00007fd7dc02aaf0 done


Dynamic libraries:
00400000-00401000 r-xp 00000000 08:06 18751852                           /usr/lib/jvm/java-7-openjdk-amd64/jre/bin/java
00600000-00601000 r--p 00000000 08:06 18751852                           /usr/lib/jvm/java-7-openjdk-amd64/jre/bin/java
00601000-00602000 rw-p 00001000 08:06 18751852                           /usr/lib/jvm/java-7-openjdk-amd64/jre/bin/java
01e45000-01e66000 rw-p 00000000 00:00 0                                  [heap]
9a600000-9bac0000 rw-p 00000000 00:00 0 
9bac0000-a4c00000 rw-p 00000000 00:00 0 
a4c00000-a88e0000 rw-p 00000000 00:00 0 
a88e0000-e1960000 rw-p 00000000 00:00 0 
e1960000-e37c0000 rw-p 00000000 00:00 0 
e37c0000-100000000 rw-p 00000000 00:00 0 
7fd7bc000000-7fd7bc021000 rw-p 00000000 00:00 0 
7fd7bc021000-7fd7c0000000 ---p 00000000 00:00 0 
7fd7c4000000-7fd7c4021000 rw-p 00000000 00:00 0 
7fd7c4021000-7fd7c8000000 ---p 00000000 00:00 0 
7fd7cc000000-7fd7cc021000 rw-p 00000000 00:00 0 
7fd7cc021000-7fd7d0000000 ---p 00000000 00:00 0 
7fd7d0d30000-7fd7d4000000 rw-p 00000000 00:00 0 
7fd7d4000000-7fd7d4021000 rw-p 00000000 00:00 0 
7fd7d4021000-7fd7d8000000 ---p 00000000 00:00 0 
7fd7d8ebc000-7fd7d9000000 rw-p 00000000 00:00 0 
7fd7d9000000-7fd7d9270000 rwxp 00000000 00:00 0 
7fd7d9270000-7fd7dc060000 rw-p 00000000 00:00 0 
7fd7dc060000-7fd7e0000000 ---p 00000000 00:00 0 
7fd7e00ff000-7fd7e01fe000 rw-p 00000000 00:00 0 
7fd7e01fe000-7fd7e02c3000 r--s 0115c000 08:06 14031995                   /home/lucas/Área de Trabalho/android-sdk-linux/platforms/android-17/android.jar
7fd7e02c3000-7fd7e0f77000 rw-p 00000000 00:00 0 
7fd7e0f77000-7fd7e0f78000 ---p 00000000 00:00 0 
7fd7e0f78000-7fd7e1078000 rw-p 00000000 00:00 0                          [stack:4718]
7fd7e1078000-7fd7e1079000 ---p 00000000 00:00 0 
7fd7e1079000-7fd7e1179000 rw-p 00000000 00:00 0                          [stack:4717]
7fd7e1179000-7fd7e117a000 ---p 00000000 00:00 0 
7fd7e117a000-7fd7e127a000 rw-p 00000000 00:00 0                          [stack:4716]
7fd7e127a000-7fd7e127b000 ---p 00000000 00:00 0 
7fd7e127b000-7fd7e1386000 rw-p 00000000 00:00 0                          [stack:4715]
7fd7e1386000-7fd7e13ce000 rw-p 00000000 00:00 0 
7fd7e13ce000-7fd7e13ed000 rw-p 00000000 00:00 0 
7fd7e13ed000-7fd7e15b5000 rw-p 00000000 00:00 0 
7fd7e15b5000-7fd7e15c0000 rw-p 00000000 00:00 0 
7fd7e15c0000-7fd7e1608000 rw-p 00000000 00:00 0 
7fd7e1608000-7fd7e1627000 rw-p 00000000 00:00 0 
7fd7e1627000-7fd7e17ee000 rw-p 00000000 00:00 0 
7fd7e17ee000-7fd7e17fe000 rw-p 00000000 00:00 0 
7fd7e17fe000-7fd7e18e2000 rw-p 00000000 00:00 0 
7fd7e18e2000-7fd7e18e3000 rw-p 00000000 00:00 0 
7fd7e18e3000-7fd7e18eb000 r-xp 00000000 08:06 18751851                   /usr/lib/jvm/java-7-openjdk-amd64/jre/lib/amd64/libzip.so
7fd7e18eb000-7fd7e1aea000 ---p 00008000 08:06 18751851                   /usr/lib/jvm/java-7-openjdk-amd64/jre/lib/amd64/libzip.so
7fd7e1aea000-7fd7e1aeb000 r--p 00007000 08:06 18751851                   /usr/lib/jvm/java-7-openjdk-amd64/jre/lib/amd64/libzip.so
7fd7e1aeb000-7fd7e1aec000 rw-p 00008000 08:06 18751851                   /usr/lib/jvm/java-7-openjdk-amd64/jre/lib/amd64/libzip.so
7fd7e1aec000-7fd7e1af8000 r-xp 00000000 08:06 15338995                   /lib/x86_64-linux-gnu/libnss_files-2.15.so
7fd7e1af8000-7fd7e1cf7000 ---p 0000c000 08:06 15338995                   /lib/x86_64-linux-gnu/libnss_files-2.15.so
7fd7e1cf7000-7fd7e1cf8000 r--p 0000b000 08:06 15338995                   /lib/x86_64-linux-gnu/libnss_files-2.15.so
7fd7e1cf8000-7fd7e1cf9000 rw-p 0000c000 08:06 15338995                   /lib/x86_64-linux-gnu/libnss_files-2.15.so
7fd7e1cf9000-7fd7e1d03000 r-xp 00000000 08:06 15338999                   /lib/x86_64-linux-gnu/libnss_nis-2.15.so
7fd7e1d03000-7fd7e1f03000 ---p 0000a000 08:06 15338999                   /lib/x86_64-linux-gnu/libnss_nis-2.15.so
7fd7e1f03000-7fd7e1f04000 r--p 0000a000 08:06 15338999                   /lib/x86_64-linux-gnu/libnss_nis-2.15.so
7fd7e1f04000-7fd7e1f05000 rw-p 0000b000 08:06 15338999                   /lib/x86_64-linux-gnu/libnss_nis-2.15.so
7fd7e1f05000-7fd7e1f1c000 r-xp 00000000 08:06 15338989                   /lib/x86_64-linux-gnu/libnsl-2.15.so
7fd7e1f1c000-7fd7e211b000 ---p 00017000 08:06 15338989                   /lib/x86_64-linux-gnu/libnsl-2.15.so
7fd7e211b000-7fd7e211c000 r--p 00016000 08:06 15338989                   /lib/x86_64-linux-gnu/libnsl-2.15.so
7fd7e211c000-7fd7e211d000 rw-p 00017000 08:06 15338989                   /lib/x86_64-linux-gnu/libnsl-2.15.so
7fd7e211d000-7fd7e211f000 rw-p 00000000 00:00 0 
7fd7e211f000-7fd7e2127000 r-xp 00000000 08:06 15338991                   /lib/x86_64-linux-gnu/libnss_compat-2.15.so
7fd7e2127000-7fd7e2326000 ---p 00008000 08:06 15338991                   /lib/x86_64-linux-gnu/libnss_compat-2.15.so
7fd7e2326000-7fd7e2327000 r--p 00007000 08:06 15338991                   /lib/x86_64-linux-gnu/libnss_compat-2.15.so
7fd7e2327000-7fd7e2328000 rw-p 00008000 08:06 15338991                   /lib/x86_64-linux-gnu/libnss_compat-2.15.so
7fd7e2328000-7fd7e2353000 r-xp 00000000 08:06 18751836                   /usr/lib/jvm/java-7-openjdk-amd64/jre/lib/amd64/libjava.so
7fd7e2353000-7fd7e2552000 ---p 0002b000 08:06 18751836                   /usr/lib/jvm/java-7-openjdk-amd64/jre/lib/amd64/libjava.so
7fd7e2552000-7fd7e2553000 r--p 0002a000 08:06 18751836                   /usr/lib/jvm/java-7-openjdk-amd64/jre/lib/amd64/libjava.so
7fd7e2553000-7fd7e2555000 rw-p 0002b000 08:06 18751836                   /usr/lib/jvm/java-7-openjdk-amd64/jre/lib/amd64/libjava.so
7fd7e2555000-7fd7e2564000 r-xp 00000000 08:06 18751835                   /usr/lib/jvm/java-7-openjdk-amd64/jre/lib/amd64/libverify.so
7fd7e2564000-7fd7e2763000 ---p 0000f000 08:06 18751835                   /usr/lib/jvm/java-7-openjdk-amd64/jre/lib/amd64/libverify.so
7fd7e2763000-7fd7e2765000 r--p 0000e000 08:06 18751835                   /usr/lib/jvm/java-7-openjdk-amd64/jre/lib/amd64/libverify.so
7fd7e2765000-7fd7e2766000 rw-p 00010000 08:06 18751835                   /usr/lib/jvm/java-7-openjdk-amd64/jre/lib/amd64/libverify.so
7fd7e2766000-7fd7e276d000 r-xp 00000000 08:06 15339034                   /lib/x86_64-linux-gnu/librt-2.15.so
7fd7e276d000-7fd7e296c000 ---p 00007000 08:06 15339034                   /lib/x86_64-linux-gnu/librt-2.15.so
7fd7e296c000-7fd7e296d000 r--p 00006000 08:06 15339034                   /lib/x86_64-linux-gnu/librt-2.15.so
7fd7e296d000-7fd7e296e000 rw-p 00007000 08:06 15339034                   /lib/x86_64-linux-gnu/librt-2.15.so
7fd7e296e000-7fd7e2983000 r-xp 00000000 08:06 15338955                   /lib/x86_64-linux-gnu/libgcc_s.so.1
7fd7e2983000-7fd7e2b82000 ---p 00015000 08:06 15338955                   /lib/x86_64-linux-gnu/libgcc_s.so.1
7fd7e2b82000-7fd7e2b83000 r--p 00014000 08:06 15338955                   /lib/x86_64-linux-gnu/libgcc_s.so.1
7fd7e2b83000-7fd7e2b84000 rw-p 00015000 08:06 15338955                   /lib/x86_64-linux-gnu/libgcc_s.so.1
7fd7e2b84000-7fd7e2c7f000 r-xp 00000000 08:06 15338972                   /lib/x86_64-linux-gnu/libm-2.15.so
7fd7e2c7f000-7fd7e2e7e000 ---p 000fb000 08:06 15338972                   /lib/x86_64-linux-gnu/libm-2.15.so
7fd7e2e7e000-7fd7e2e7f000 r--p 000fa000 08:06 15338972                   /lib/x86_64-linux-gnu/libm-2.15.so
7fd7e2e7f000-7fd7e2e80000 rw-p 000fb000 08:06 15338972                   /lib/x86_64-linux-gnu/libm-2.15.so
7fd7e2e80000-7fd7e2f65000 r-xp 00000000 08:06 18751124                   /usr/lib/x86_64-linux-gnu/libstdc++.so.6.0.17
7fd7e2f65000-7fd7e3164000 ---p 000e5000 08:06 18751124                   /usr/lib/x86_64-linux-gnu/libstdc++.so.6.0.17
7fd7e3164000-7fd7e316c000 r--p 000e4000 08:06 18751124                   /usr/lib/x86_64-linux-gnu/libstdc++.so.6.0.17
7fd7e316c000-7fd7e316e000 rw-p 000ec000 08:06 18751124                   /usr/lib/x86_64-linux-gnu/libstdc++.so.6.0.17
7fd7e316e000-7fd7e3183000 rw-p 00000000 00:00 0 
7fd7e3183000-7fd7e3b7e000 r-xp 00000000 08:06 18751840                   /usr/lib/jvm/java-7-openjdk-amd64/jre/lib/amd64/server/libjvm.so
7fd7e3b7e000-7fd7e3d7d000 ---p 009fb000 08:06 18751840                   /usr/lib/jvm/java-7-openjdk-amd64/jre/lib/amd64/server/libjvm.so
7fd7e3d7d000-7fd7e3dfc000 r--p 009fa000 08:06 18751840                   /usr/lib/jvm/java-7-openjdk-amd64/jre/lib/amd64/server/libjvm.so
7fd7e3dfc000-7fd7e3e1f000 rw-p 00a79000 08:06 18751840                   /usr/lib/jvm/java-7-openjdk-amd64/jre/lib/amd64/server/libjvm.so
7fd7e3e1f000-7fd7e3e4a000 rw-p 00000000 00:00 0 
7fd7e3e4a000-7fd7e3e60000 r-xp 00000000 08:06 15339064                   /lib/x86_64-linux-gnu/libz.so.1.2.7
7fd7e3e60000-7fd7e405f000 ---p 00016000 08:06 15339064                   /lib/x86_64-linux-gnu/libz.so.1.2.7
7fd7e405f000-7fd7e4060000 r--p 00015000 08:06 15339064                   /lib/x86_64-linux-gnu/libz.so.1.2.7
7fd7e4060000-7fd7e4061000 rw-p 00016000 08:06 15339064                   /lib/x86_64-linux-gnu/libz.so.1.2.7
7fd7e4061000-7fd7e4079000 r-xp 00000000 08:06 15339026                   /lib/x86_64-linux-gnu/libpthread-2.15.so
7fd7e4079000-7fd7e4278000 ---p 00018000 08:06 15339026                   /lib/x86_64-linux-gnu/libpthread-2.15.so
7fd7e4278000-7fd7e4279000 r--p 00017000 08:06 15339026                   /lib/x86_64-linux-gnu/libpthread-2.15.so
7fd7e4279000-7fd7e427a000 rw-p 00018000 08:06 15339026                   /lib/x86_64-linux-gnu/libpthread-2.15.so
7fd7e427a000-7fd7e427e000 rw-p 00000000 00:00 0 
7fd7e427e000-7fd7e4280000 r-xp 00000000 08:06 15338945                   /lib/x86_64-linux-gnu/libdl-2.15.so
7fd7e4280000-7fd7e4480000 ---p 00002000 08:06 15338945                   /lib/x86_64-linux-gnu/libdl-2.15.so
7fd7e4480000-7fd7e4481000 r--p 00002000 08:06 15338945                   /lib/x86_64-linux-gnu/libdl-2.15.so
7fd7e4481000-7fd7e4482000 rw-p 00003000 08:06 15338945                   /lib/x86_64-linux-gnu/libdl-2.15.so
7fd7e4482000-7fd7e4637000 r-xp 00000000 08:06 15338930                   /lib/x86_64-linux-gnu/libc-2.15.so
7fd7e4637000-7fd7e4836000 ---p 001b5000 08:06 15338930                   /lib/x86_64-linux-gnu/libc-2.15.so
7fd7e4836000-7fd7e483a000 r--p 001b4000 08:06 15338930                   /lib/x86_64-linux-gnu/libc-2.15.so
7fd7e483a000-7fd7e483c000 rw-p 001b8000 08:06 15338930                   /lib/x86_64-linux-gnu/libc-2.15.so
7fd7e483c000-7fd7e4841000 rw-p 00000000 00:00 0 
7fd7e485c000-7fd7e4869000 r-xp 00000000 08:06 18751818                   /usr/lib/jvm/java-7-openjdk-amd64/jre/lib/amd64/jli/libjli.so
7fd7e4869000-7fd7e4a68000 ---p 0000d000 08:06 18751818                   /usr/lib/jvm/java-7-openjdk-amd64/jre/lib/amd64/jli/libjli.so
7fd7e4a68000-7fd7e4a69000 r--p 0000c000 08:06 18751818                   /usr/lib/jvm/java-7-openjdk-amd64/jre/lib/amd64/jli/libjli.so
7fd7e4a69000-7fd7e4a6a000 rw-p 0000d000 08:06 18751818                   /usr/lib/jvm/java-7-openjdk-amd64/jre/lib/amd64/jli/libjli.so
7fd7e4a6a000-7fd7e4a8c000 r-xp 00000000 08:06 15338908                   /lib/x86_64-linux-gnu/ld-2.15.so
7fd7e4a92000-7fd7e4ac4000 rw-p 00000000 00:00 0 
7fd7e4ac4000-7fd7e4b7a000 rw-p 00000000 00:00 0 
7fd7e4b7a000-7fd7e4b82000 rw-s 00000000 08:06 14549646                   /tmp/hsperfdata_lucas/4707
7fd7e4b82000-7fd7e4b83000 rw-p 00000000 00:00 0 
7fd7e4b83000-7fd7e4b84000 r--p 00000000 00:00 0 
7fd7e4b84000-7fd7e4b87000 ---p 00000000 00:00 0 
7fd7e4b87000-7fd7e4c8c000 rw-p 00000000 00:00 0                          [stack:4709]
7fd7e4c8c000-7fd7e4c8d000 r--p 00022000 08:06 15338908                   /lib/x86_64-linux-gnu/ld-2.15.so
7fd7e4c8d000-7fd7e4c8f000 rw-p 00023000 08:06 15338908                   /lib/x86_64-linux-gnu/ld-2.15.so
7fff0e5f1000-7fff0e612000 rw-p 00000000 00:00 0                          [stack]
7fff0e658000-7fff0e659000 r-xp 00000000 00:00 0                          [vdso]
ffffffffff600000-ffffffffff601000 r-xp 00000000 00:00 0                  [vsyscall]

VM Arguments:
jvm_args: -Dfile.encoding=UTF-8 -Xbootclasspath:/home/lucas/Área de Trabalho/android-sdk-linux/platforms/android-17/android.jar 
java_command: org.eclipse.jdt.internal.junit.runner.RemoteTestRunner -version 3 -port 37961 -testLoaderClass org.eclipse.jdt.internal.junit4.runner.JUnit4TestLoader -loaderpluginname org.eclipse.jdt.junit4.runtime -classNames fga.mds.abcdario.model.test.TestJogoModel
Launcher Type: SUN_STANDARD

Environment Variables:
PATH=/usr/lib/lightdm/lightdm:/usr/local/sbin:/usr/local/bin:/usr/sbin:/usr/bin:/sbin:/bin:/usr/games:/usr/local/games
SHELL=/bin/bash
DISPLAY=:0.0

Signal Handlers:
SIGSEGV: [libjvm.so+0x8574f0], sa_mask[0]=0x7ffbfeff, sa_flags=0x10000004
SIGBUS: [libjvm.so+0x8574f0], sa_mask[0]=0x7ffbfeff, sa_flags=0x10000004
SIGFPE: [libjvm.so+0x6f81f0], sa_mask[0]=0x7ffbfeff, sa_flags=0x10000004
SIGPIPE: [libjvm.so+0x6f81f0], sa_mask[0]=0x7ffbfeff, sa_flags=0x10000004
SIGXFSZ: [libjvm.so+0x6f81f0], sa_mask[0]=0x7ffbfeff, sa_flags=0x10000004
SIGILL: [libjvm.so+0x6f81f0], sa_mask[0]=0x7ffbfeff, sa_flags=0x10000004
SIGUSR1: SIG_DFL, sa_mask[0]=0x00000000, sa_flags=0x00000000
SIGUSR2: [libjvm.so+0x6f8440], sa_mask[0]=0x00000004, sa_flags=0x10000004
SIGHUP: SIG_DFL, sa_mask[0]=0x00000000, sa_flags=0x00000000
SIGINT: SIG_DFL, sa_mask[0]=0x00000000, sa_flags=0x00000000
SIGTERM: SIG_DFL, sa_mask[0]=0x00000000, sa_flags=0x00000000
SIGQUIT: SIG_DFL, sa_mask[0]=0x00000000, sa_flags=0x00000000


---------------  S Y S T E M  ---------------

OS:Ubuntu 12.10 (quantal)
uname:Linux 3.5.0-23-generic #35-Ubuntu SMP Thu Jan 24 13:15:40 UTC 2013 x86_64
libc:glibc 2.15 NPTL 2.15 
rlimit: STACK 8192k, CORE 0k, NPROC 46575, NOFILE 4096, AS infinity
load average:1.23 0.67 0.40

/proc/meminfo:
MemTotal:        5980000 kB
MemFree:         2192708 kB
Buffers:          210984 kB
Cached:          1675464 kB
SwapCached:            0 kB
Active:          2242144 kB
Inactive:        1224724 kB
Active(anon):    1589132 kB
Inactive(anon):   196964 kB
Active(file):     653012 kB
Inactive(file):  1027760 kB
Unevictable:       31340 kB
Mlocked:           31340 kB
SwapTotal:       3999740 kB
SwapFree:        3999740 kB
Dirty:             13004 kB
Writeback:             0 kB
AnonPages:       1612132 kB
Mapped:           213356 kB
Shmem:            199588 kB
Slab:             174156 kB
SReclaimable:     144572 kB
SUnreclaim:        29584 kB
KernelStack:        4184 kB
PageTables:        33560 kB
NFS_Unstable:          0 kB
Bounce:                0 kB
WritebackTmp:          0 kB
CommitLimit:     6989740 kB
Committed_AS:    6599588 kB
VmallocTotal:   34359738367 kB
VmallocUsed:      410112 kB
VmallocChunk:   34359324455 kB
HardwareCorrupted:     0 kB
AnonHugePages:         0 kB
HugePages_Total:       0
HugePages_Free:        0
HugePages_Rsvd:        0
HugePages_Surp:        0
Hugepagesize:       2048 kB
DirectMap4k:       63488 kB
DirectMap2M:     6135808 kB


CPU:total 4 (2 cores per cpu, 2 threads per core) family 6 model 58 stepping 9, cmov, cx8, fxsr, mmx, sse, sse2, sse3, ssse3, sse4.1, sse4.2, popcnt, avx, ht, tsc, tscinvbit, tscinv

/proc/cpuinfo:
processor	: 0
vendor_id	: GenuineIntel
cpu family	: 6
model		: 58
model name	: Intel(R) Core(TM) i5-3210M CPU @ 2.50GHz
stepping	: 9
microcode	: 0x12
cpu MHz		: 1200.000
cache size	: 3072 KB
physical id	: 0
siblings	: 4
core id		: 0
cpu cores	: 2
apicid		: 0
initial apicid	: 0
fpu		: yes
fpu_exception	: yes
cpuid level	: 13
wp		: yes
flags		: fpu vme de pse tsc msr pae mce cx8 apic sep mtrr pge mca cmov pat pse36 clflush dts acpi mmx fxsr sse sse2 ss ht tm pbe syscall nx rdtscp lm constant_tsc arch_perfmon pebs bts rep_good nopl xtopology nonstop_tsc aperfmperf pni pclmulqdq dtes64 monitor ds_cpl vmx est tm2 ssse3 cx16 xtpr pdcm pcid sse4_1 sse4_2 x2apic popcnt tsc_deadline_timer aes xsave avx f16c rdrand lahf_lm ida arat epb xsaveopt pln pts dtherm tpr_shadow vnmi flexpriority ept vpid fsgsbase smep erms
bogomips	: 4988.78
clflush size	: 64
cache_alignment	: 64
address sizes	: 36 bits physical, 48 bits virtual
power management:

processor	: 1
vendor_id	: GenuineIntel
cpu family	: 6
model		: 58
model name	: Intel(R) Core(TM) i5-3210M CPU @ 2.50GHz
stepping	: 9
microcode	: 0x12
cpu MHz		: 2501.000
cache size	: 3072 KB
physical id	: 0
siblings	: 4
core id		: 0
cpu cores	: 2
apicid		: 1
initial apicid	: 1
fpu		: yes
fpu_exception	: yes
cpuid level	: 13
wp		: yes
flags		: fpu vme de pse tsc msr pae mce cx8 apic sep mtrr pge mca cmov pat pse36 clflush dts acpi mmx fxsr sse sse2 ss ht tm pbe syscall nx rdtscp lm constant_tsc arch_perfmon pebs bts rep_good nopl xtopology nonstop_tsc aperfmperf pni pclmulqdq dtes64 monitor ds_cpl vmx est tm2 ssse3 cx16 xtpr pdcm pcid sse4_1 sse4_2 x2apic popcnt tsc_deadline_timer aes xsave avx f16c rdrand lahf_lm ida arat epb xsaveopt pln pts dtherm tpr_shadow vnmi flexpriority ept vpid fsgsbase smep erms
bogomips	: 4988.78
clflush size	: 64
cache_alignment	: 64
address sizes	: 36 bits physical, 48 bits virtual
power management:

processor	: 2
vendor_id	: GenuineIntel
cpu family	: 6
model		: 58
model name	: Intel(R) Core(TM) i5-3210M CPU @ 2.50GHz
stepping	: 9
microcode	: 0x12
cpu MHz		: 1200.000
cache size	: 3072 KB
physical id	: 0
siblings	: 4
core id		: 1
cpu cores	: 2
apicid		: 2
initial apicid	: 2
fpu		: yes
fpu_exception	: yes
cpuid level	: 13
wp		: yes
flags		: fpu vme de pse tsc msr pae mce cx8 apic sep mtrr pge mca cmov pat pse36 clflush dts acpi mmx fxsr sse sse2 ss ht tm pbe syscall nx rdtscp lm constant_tsc arch_perfmon pebs bts rep_good nopl xtopology nonstop_tsc aperfmperf pni pclmulqdq dtes64 monitor ds_cpl vmx est tm2 ssse3 cx16 xtpr pdcm pcid sse4_1 sse4_2 x2apic popcnt tsc_deadline_timer aes xsave avx f16c rdrand lahf_lm ida arat epb xsaveopt pln pts dtherm tpr_shadow vnmi flexpriority ept vpid fsgsbase smep erms
bogomips	: 4988.78
clflush size	: 64
cache_alignment	: 64
address sizes	: 36 bits physical, 48 bits virtual
power management:

processor	: 3
vendor_id	: GenuineIntel
cpu family	: 6
model		: 58
model name	: Intel(R) Core(TM) i5-3210M CPU @ 2.50GHz
stepping	: 9
microcode	: 0x12
cpu MHz		: 2501.000
cache size	: 3072 KB
physical id	: 0
siblings	: 4
core id		: 1
cpu cores	: 2
apicid		: 3
initial apicid	: 3
fpu		: yes
fpu_exception	: yes
cpuid level	: 13
wp		: yes
flags		: fpu vme de pse tsc msr pae mce cx8 apic sep mtrr pge mca cmov pat pse36 clflush dts acpi mmx fxsr sse sse2 ss ht tm pbe syscall nx rdtscp lm constant_tsc arch_perfmon pebs bts rep_good nopl xtopology nonstop_tsc aperfmperf pni pclmulqdq dtes64 monitor ds_cpl vmx est tm2 ssse3 cx16 xtpr pdcm pcid sse4_1 sse4_2 x2apic popcnt tsc_deadline_timer aes xsave avx f16c rdrand lahf_lm ida arat epb xsaveopt pln pts dtherm tpr_shadow vnmi flexpriority ept vpid fsgsbase smep erms
bogomips	: 4988.78
clflush size	: 64
cache_alignment	: 64
address sizes	: 36 bits physical, 48 bits virtual
power management:



Memory: 4k page, physical 5980000k(2192708k free), swap 3999740k(3999740k free)

vm_info: OpenJDK 64-Bit Server VM (23.2-b09) for linux-amd64 JRE (1.7.0_09-b30), built on Jan 16 2013 03:28:09 by "buildd" with gcc 4.7.2

time: Sat Feb  9 18:55:33 2013
elapsed time: 0 seconds

