#
# A fatal error has been detected by the Java Runtime Environment:
#
#  Internal Error (javaClasses.cpp:129), pid=3271, tid=140161488762624
#  fatal error: Invalid layout of preloaded class
#
# JRE version: 7.0_09-b30
# Java VM: OpenJDK 64-Bit Server VM (23.2-b09 mixed mode linux-amd64 compressed oops)
# Failed to write core dump. Core dumps have been disabled. To enable core dumping, try "ulimit -c unlimited" before starting Java again
#
# If you would like to submit a bug report, please include
# instructions on how to reproduce the bug and visit:
#   https://bugs.launchpad.net/ubuntu/+source/openjdk-7/
#

---------------  T H R E A D  ---------------

Current thread (0x00007f79dc009800):  JavaThread "Unknown thread" [_thread_in_vm, id=3273, stack(0x00007f79e3afb000,0x00007f79e3bfc000)]

Stack: [0x00007f79e3afb000,0x00007f79e3bfc000],  sp=0x00007f79e3bfa9e0,  free space=1022k
Native frames: (J=compiled Java code, j=interpreted, Vv=VM code, C=native code)
V  [libjvm.so+0x856a0b]  VMError::report_and_die()+0x16b
V  [libjvm.so+0x3ee247]  report_fatal(char const*, int, char const*)+0x57
V  [libjvm.so+0x52abda]  compute_offset(int&, klassOopDesc*, Symbol*, Symbol*, bool) [clone .constprop.122]+0x11a
V  [libjvm.so+0x52ace6]  java_lang_String::compute_offsets()+0x36
V  [libjvm.so+0x7e358d]  SystemDictionary::initialize_preloaded_classes(Thread*)+0x3d
V  [libjvm.so+0x8304e8]  Universe::genesis(Thread*)+0x468
V  [libjvm.so+0x83099f]  universe2_init()+0x1f
V  [libjvm.so+0x4df4ba]  init_globals()+0x9a
V  [libjvm.so+0x813f0c]  Threads::create_vm(JavaVMInitArgs*, bool*)+0x39c
V  [libjvm.so+0x547868]  JNI_CreateJavaVM+0x58
C  [libjli.so+0x28f4]  __strcat_chk+0x28f4


---------------  P R O C E S S  ---------------

Java Threads: ( => current thread )

Other Threads:

=>0x00007f79dc009800 (exited) JavaThread "Unknown thread" [_thread_in_vm, id=3273, stack(0x00007f79e3afb000,0x00007f79e3bfc000)]

VM state:not at safepoint (not fully initialized)

VM Mutex/Monitor currently owned by a thread: None

GC Heap History (0 events):
No events

Deoptimization events (0 events):
No events

Internal exceptions (0 events):
No events

Events (10 events):
Event: 0.007 loading class 0x00007f79dc02b280 done
Event: 0.007 loading class 0x00007f79dc02ab20 done
Event: 0.007 loading class 0x00007f79dc02aaf0
Event: 0.007 loading class 0x00007f79dc055cc0
Event: 0.007 loading class 0x00007f79dc055cc0 done
Event: 0.007 loading class 0x00007f79dc055d00
Event: 0.007 loading class 0x00007f79dc055d00 done
Event: 0.007 loading class 0x00007f79dc055d40
Event: 0.007 loading class 0x00007f79dc055d40 done
Event: 0.007 loading class 0x00007f79dc02aaf0 done


Dynamic libraries:
00400000-00401000 r-xp 00000000 08:06 18751852                           /usr/lib/jvm/java-7-openjdk-amd64/jre/bin/java
00600000-00601000 r--p 00000000 08:06 18751852                           /usr/lib/jvm/java-7-openjdk-amd64/jre/bin/java
00601000-00602000 rw-p 00001000 08:06 18751852                           /usr/lib/jvm/java-7-openjdk-amd64/jre/bin/java
0259d000-025be000 rw-p 00000000 00:00 0                                  [heap]
9a600000-9bac0000 rw-p 00000000 00:00 0 
9bac0000-a4c00000 rw-p 00000000 00:00 0 
a4c00000-a88e0000 rw-p 00000000 00:00 0 
a88e0000-e1960000 rw-p 00000000 00:00 0 
e1960000-e37c0000 rw-p 00000000 00:00 0 
e37c0000-100000000 rw-p 00000000 00:00 0 
7f79bc000000-7f79bc021000 rw-p 00000000 00:00 0 
7f79bc021000-7f79c0000000 ---p 00000000 00:00 0 
7f79c4000000-7f79c4021000 rw-p 00000000 00:00 0 
7f79c4021000-7f79c8000000 ---p 00000000 00:00 0 
7f79c8d30000-7f79cc000000 rw-p 00000000 00:00 0 
7f79cc000000-7f79cc021000 rw-p 00000000 00:00 0 
7f79cc021000-7f79d0000000 ---p 00000000 00:00 0 
7f79d3ebd000-7f79d4000000 rw-p 00000000 00:00 0 
7f79d4000000-7f79d4021000 rw-p 00000000 00:00 0 
7f79d4021000-7f79d8000000 ---p 00000000 00:00 0 
7f79d804c000-7f79d8dfe000 rw-p 00000000 00:00 0 
7f79d8dfe000-7f79d8dff000 ---p 00000000 00:00 0 
7f79d8dff000-7f79d8eff000 rw-p 00000000 00:00 0                          [stack:3282]
7f79d8eff000-7f79d8f00000 ---p 00000000 00:00 0 
7f79d8f00000-7f79d9000000 rw-p 00000000 00:00 0                          [stack:3281]
7f79d9000000-7f79d9270000 rwxp 00000000 00:00 0 
7f79d9270000-7f79dc060000 rw-p 00000000 00:00 0 
7f79dc060000-7f79e0000000 ---p 00000000 00:00 0 
7f79e002b000-7f79e00f0000 r--s 0115c000 08:06 14031995                   /home/lucas/Área de Trabalho/android-sdk-linux/platforms/android-17/android.jar
7f79e00f0000-7f79e00f1000 ---p 00000000 00:00 0 
7f79e00f1000-7f79e01f1000 rw-p 00000000 00:00 0                          [stack:3280]
7f79e01f1000-7f79e01f2000 ---p 00000000 00:00 0 
7f79e01f2000-7f79e02fd000 rw-p 00000000 00:00 0                          [stack:3279]
7f79e02fd000-7f79e0345000 rw-p 00000000 00:00 0 
7f79e0345000-7f79e0364000 rw-p 00000000 00:00 0 
7f79e0364000-7f79e052c000 rw-p 00000000 00:00 0 
7f79e052c000-7f79e0537000 rw-p 00000000 00:00 0 
7f79e0537000-7f79e057f000 rw-p 00000000 00:00 0 
7f79e057f000-7f79e059e000 rw-p 00000000 00:00 0 
7f79e059e000-7f79e0765000 rw-p 00000000 00:00 0 
7f79e0765000-7f79e0775000 rw-p 00000000 00:00 0 
7f79e0775000-7f79e0859000 rw-p 00000000 00:00 0 
7f79e0859000-7f79e085a000 rw-p 00000000 00:00 0 
7f79e085a000-7f79e0862000 r-xp 00000000 08:06 18751851                   /usr/lib/jvm/java-7-openjdk-amd64/jre/lib/amd64/libzip.so
7f79e0862000-7f79e0a61000 ---p 00008000 08:06 18751851                   /usr/lib/jvm/java-7-openjdk-amd64/jre/lib/amd64/libzip.so
7f79e0a61000-7f79e0a62000 r--p 00007000 08:06 18751851                   /usr/lib/jvm/java-7-openjdk-amd64/jre/lib/amd64/libzip.so
7f79e0a62000-7f79e0a63000 rw-p 00008000 08:06 18751851                   /usr/lib/jvm/java-7-openjdk-amd64/jre/lib/amd64/libzip.so
7f79e0a63000-7f79e0a6f000 r-xp 00000000 08:06 15338995                   /lib/x86_64-linux-gnu/libnss_files-2.15.so
7f79e0a6f000-7f79e0c6e000 ---p 0000c000 08:06 15338995                   /lib/x86_64-linux-gnu/libnss_files-2.15.so
7f79e0c6e000-7f79e0c6f000 r--p 0000b000 08:06 15338995                   /lib/x86_64-linux-gnu/libnss_files-2.15.so
7f79e0c6f000-7f79e0c70000 rw-p 0000c000 08:06 15338995                   /lib/x86_64-linux-gnu/libnss_files-2.15.so
7f79e0c70000-7f79e0c7a000 r-xp 00000000 08:06 15338999                   /lib/x86_64-linux-gnu/libnss_nis-2.15.so
7f79e0c7a000-7f79e0e7a000 ---p 0000a000 08:06 15338999                   /lib/x86_64-linux-gnu/libnss_nis-2.15.so
7f79e0e7a000-7f79e0e7b000 r--p 0000a000 08:06 15338999                   /lib/x86_64-linux-gnu/libnss_nis-2.15.so
7f79e0e7b000-7f79e0e7c000 rw-p 0000b000 08:06 15338999                   /lib/x86_64-linux-gnu/libnss_nis-2.15.so
7f79e0e7c000-7f79e0e93000 r-xp 00000000 08:06 15338989                   /lib/x86_64-linux-gnu/libnsl-2.15.so
7f79e0e93000-7f79e1092000 ---p 00017000 08:06 15338989                   /lib/x86_64-linux-gnu/libnsl-2.15.so
7f79e1092000-7f79e1093000 r--p 00016000 08:06 15338989                   /lib/x86_64-linux-gnu/libnsl-2.15.so
7f79e1093000-7f79e1094000 rw-p 00017000 08:06 15338989                   /lib/x86_64-linux-gnu/libnsl-2.15.so
7f79e1094000-7f79e1096000 rw-p 00000000 00:00 0 
7f79e1096000-7f79e109e000 r-xp 00000000 08:06 15338991                   /lib/x86_64-linux-gnu/libnss_compat-2.15.so
7f79e109e000-7f79e129d000 ---p 00008000 08:06 15338991                   /lib/x86_64-linux-gnu/libnss_compat-2.15.so
7f79e129d000-7f79e129e000 r--p 00007000 08:06 15338991                   /lib/x86_64-linux-gnu/libnss_compat-2.15.so
7f79e129e000-7f79e129f000 rw-p 00008000 08:06 15338991                   /lib/x86_64-linux-gnu/libnss_compat-2.15.so
7f79e129f000-7f79e12ca000 r-xp 00000000 08:06 18751836                   /usr/lib/jvm/java-7-openjdk-amd64/jre/lib/amd64/libjava.so
7f79e12ca000-7f79e14c9000 ---p 0002b000 08:06 18751836                   /usr/lib/jvm/java-7-openjdk-amd64/jre/lib/amd64/libjava.so
7f79e14c9000-7f79e14ca000 r--p 0002a000 08:06 18751836                   /usr/lib/jvm/java-7-openjdk-amd64/jre/lib/amd64/libjava.so
7f79e14ca000-7f79e14cc000 rw-p 0002b000 08:06 18751836                   /usr/lib/jvm/java-7-openjdk-amd64/jre/lib/amd64/libjava.so
7f79e14cc000-7f79e14db000 r-xp 00000000 08:06 18751835                   /usr/lib/jvm/java-7-openjdk-amd64/jre/lib/amd64/libverify.so
7f79e14db000-7f79e16da000 ---p 0000f000 08:06 18751835                   /usr/lib/jvm/java-7-openjdk-amd64/jre/lib/amd64/libverify.so
7f79e16da000-7f79e16dc000 r--p 0000e000 08:06 18751835                   /usr/lib/jvm/java-7-openjdk-amd64/jre/lib/amd64/libverify.so
7f79e16dc000-7f79e16dd000 rw-p 00010000 08:06 18751835                   /usr/lib/jvm/java-7-openjdk-amd64/jre/lib/amd64/libverify.so
7f79e16dd000-7f79e16e4000 r-xp 00000000 08:06 15339034                   /lib/x86_64-linux-gnu/librt-2.15.so
7f79e16e4000-7f79e18e3000 ---p 00007000 08:06 15339034                   /lib/x86_64-linux-gnu/librt-2.15.so
7f79e18e3000-7f79e18e4000 r--p 00006000 08:06 15339034                   /lib/x86_64-linux-gnu/librt-2.15.so
7f79e18e4000-7f79e18e5000 rw-p 00007000 08:06 15339034                   /lib/x86_64-linux-gnu/librt-2.15.so
7f79e18e5000-7f79e18fa000 r-xp 00000000 08:06 15338955                   /lib/x86_64-linux-gnu/libgcc_s.so.1
7f79e18fa000-7f79e1af9000 ---p 00015000 08:06 15338955                   /lib/x86_64-linux-gnu/libgcc_s.so.1
7f79e1af9000-7f79e1afa000 r--p 00014000 08:06 15338955                   /lib/x86_64-linux-gnu/libgcc_s.so.1
7f79e1afa000-7f79e1afb000 rw-p 00015000 08:06 15338955                   /lib/x86_64-linux-gnu/libgcc_s.so.1
7f79e1afb000-7f79e1bf6000 r-xp 00000000 08:06 15338972                   /lib/x86_64-linux-gnu/libm-2.15.so
7f79e1bf6000-7f79e1df5000 ---p 000fb000 08:06 15338972                   /lib/x86_64-linux-gnu/libm-2.15.so
7f79e1df5000-7f79e1df6000 r--p 000fa000 08:06 15338972                   /lib/x86_64-linux-gnu/libm-2.15.so
7f79e1df6000-7f79e1df7000 rw-p 000fb000 08:06 15338972                   /lib/x86_64-linux-gnu/libm-2.15.so
7f79e1df7000-7f79e1edc000 r-xp 00000000 08:06 18751124                   /usr/lib/x86_64-linux-gnu/libstdc++.so.6.0.17
7f79e1edc000-7f79e20db000 ---p 000e5000 08:06 18751124                   /usr/lib/x86_64-linux-gnu/libstdc++.so.6.0.17
7f79e20db000-7f79e20e3000 r--p 000e4000 08:06 18751124                   /usr/lib/x86_64-linux-gnu/libstdc++.so.6.0.17
7f79e20e3000-7f79e20e5000 rw-p 000ec000 08:06 18751124                   /usr/lib/x86_64-linux-gnu/libstdc++.so.6.0.17
7f79e20e5000-7f79e20fa000 rw-p 00000000 00:00 0 
7f79e20fa000-7f79e2af5000 r-xp 00000000 08:06 18751840                   /usr/lib/jvm/java-7-openjdk-amd64/jre/lib/amd64/server/libjvm.so
7f79e2af5000-7f79e2cf4000 ---p 009fb000 08:06 18751840                   /usr/lib/jvm/java-7-openjdk-amd64/jre/lib/amd64/server/libjvm.so
7f79e2cf4000-7f79e2d73000 r--p 009fa000 08:06 18751840                   /usr/lib/jvm/java-7-openjdk-amd64/jre/lib/amd64/server/libjvm.so
7f79e2d73000-7f79e2d96000 rw-p 00a79000 08:06 18751840                   /usr/lib/jvm/java-7-openjdk-amd64/jre/lib/amd64/server/libjvm.so
7f79e2d96000-7f79e2dc1000 rw-p 00000000 00:00 0 
7f79e2dc1000-7f79e2dd7000 r-xp 00000000 08:06 15339064                   /lib/x86_64-linux-gnu/libz.so.1.2.7
7f79e2dd7000-7f79e2fd6000 ---p 00016000 08:06 15339064                   /lib/x86_64-linux-gnu/libz.so.1.2.7
7f79e2fd6000-7f79e2fd7000 r--p 00015000 08:06 15339064                   /lib/x86_64-linux-gnu/libz.so.1.2.7
7f79e2fd7000-7f79e2fd8000 rw-p 00016000 08:06 15339064                   /lib/x86_64-linux-gnu/libz.so.1.2.7
7f79e2fd8000-7f79e2ff0000 r-xp 00000000 08:06 15339026                   /lib/x86_64-linux-gnu/libpthread-2.15.so
7f79e2ff0000-7f79e31ef000 ---p 00018000 08:06 15339026                   /lib/x86_64-linux-gnu/libpthread-2.15.so
7f79e31ef000-7f79e31f0000 r--p 00017000 08:06 15339026                   /lib/x86_64-linux-gnu/libpthread-2.15.so
7f79e31f0000-7f79e31f1000 rw-p 00018000 08:06 15339026                   /lib/x86_64-linux-gnu/libpthread-2.15.so
7f79e31f1000-7f79e31f5000 rw-p 00000000 00:00 0 
7f79e31f5000-7f79e31f7000 r-xp 00000000 08:06 15338945                   /lib/x86_64-linux-gnu/libdl-2.15.so
7f79e31f7000-7f79e33f7000 ---p 00002000 08:06 15338945                   /lib/x86_64-linux-gnu/libdl-2.15.so
7f79e33f7000-7f79e33f8000 r--p 00002000 08:06 15338945                   /lib/x86_64-linux-gnu/libdl-2.15.so
7f79e33f8000-7f79e33f9000 rw-p 00003000 08:06 15338945                   /lib/x86_64-linux-gnu/libdl-2.15.so
7f79e33f9000-7f79e35ae000 r-xp 00000000 08:06 15338930                   /lib/x86_64-linux-gnu/libc-2.15.so
7f79e35ae000-7f79e37ad000 ---p 001b5000 08:06 15338930                   /lib/x86_64-linux-gnu/libc-2.15.so
7f79e37ad000-7f79e37b1000 r--p 001b4000 08:06 15338930                   /lib/x86_64-linux-gnu/libc-2.15.so
7f79e37b1000-7f79e37b3000 rw-p 001b8000 08:06 15338930                   /lib/x86_64-linux-gnu/libc-2.15.so
7f79e37b3000-7f79e37b8000 rw-p 00000000 00:00 0 
7f79e37d3000-7f79e37e0000 r-xp 00000000 08:06 18751818                   /usr/lib/jvm/java-7-openjdk-amd64/jre/lib/amd64/jli/libjli.so
7f79e37e0000-7f79e39df000 ---p 0000d000 08:06 18751818                   /usr/lib/jvm/java-7-openjdk-amd64/jre/lib/amd64/jli/libjli.so
7f79e39df000-7f79e39e0000 r--p 0000c000 08:06 18751818                   /usr/lib/jvm/java-7-openjdk-amd64/jre/lib/amd64/jli/libjli.so
7f79e39e0000-7f79e39e1000 rw-p 0000d000 08:06 18751818                   /usr/lib/jvm/java-7-openjdk-amd64/jre/lib/amd64/jli/libjli.so
7f79e39e1000-7f79e3a03000 r-xp 00000000 08:06 15338908                   /lib/x86_64-linux-gnu/ld-2.15.so
7f79e3a07000-7f79e3a3b000 rw-p 00000000 00:00 0 
7f79e3a3b000-7f79e3af1000 rw-p 00000000 00:00 0 
7f79e3af1000-7f79e3af9000 rw-s 00000000 08:06 14549730                   /tmp/hsperfdata_lucas/3271
7f79e3af9000-7f79e3afa000 rw-p 00000000 00:00 0 
7f79e3afa000-7f79e3afb000 r--p 00000000 00:00 0 
7f79e3afb000-7f79e3afe000 ---p 00000000 00:00 0 
7f79e3afe000-7f79e3c03000 rw-p 00000000 00:00 0                          [stack:3273]
7f79e3c03000-7f79e3c04000 r--p 00022000 08:06 15338908                   /lib/x86_64-linux-gnu/ld-2.15.so
7f79e3c04000-7f79e3c06000 rw-p 00023000 08:06 15338908                   /lib/x86_64-linux-gnu/ld-2.15.so
7fff32e42000-7fff32e63000 rw-p 00000000 00:00 0                          [stack]
7fff32f4e000-7fff32f4f000 r-xp 00000000 00:00 0                          [vdso]
ffffffffff600000-ffffffffff601000 r-xp 00000000 00:00 0                  [vsyscall]

VM Arguments:
jvm_args: -Dfile.encoding=UTF-8 -Xbootclasspath:/home/lucas/Área de Trabalho/android-sdk-linux/platforms/android-17/android.jar 
java_command: org.eclipse.jdt.internal.junit.runner.RemoteTestRunner -version 3 -port 55979 -testLoaderClass org.eclipse.jdt.internal.junit4.runner.JUnit4TestLoader -loaderpluginname org.eclipse.jdt.junit4.runtime -classNames fga.mds.abcdario.model.test.TestJogoModel
Launcher Type: SUN_STANDARD

Environment Variables:
PATH=/usr/lib/lightdm/lightdm:/usr/local/sbin:/usr/local/bin:/usr/sbin:/usr/bin:/sbin:/bin:/usr/games:/usr/local/games
SHELL=/bin/bash
DISPLAY=:0.0

Signal Handlers:
SIGSEGV: [libjvm.so+0x8574f0], sa_mask[0]=0x7ffbfeff, sa_flags=0x10000004
SIGBUS: [libjvm.so+0x8574f0], sa_mask[0]=0x7ffbfeff, sa_flags=0x10000004
SIGFPE: [libjvm.so+0x6f81f0], sa_mask[0]=0x7ffbfeff, sa_flags=0x10000004
SIGPIPE: [libjvm.so+0x6f81f0], sa_mask[0]=0x7ffbfeff, sa_flags=0x10000004
SIGXFSZ: [libjvm.so+0x6f81f0], sa_mask[0]=0x7ffbfeff, sa_flags=0x10000004
SIGILL: [libjvm.so+0x6f81f0], sa_mask[0]=0x7ffbfeff, sa_flags=0x10000004
SIGUSR1: SIG_DFL, sa_mask[0]=0x00000000, sa_flags=0x00000000
SIGUSR2: [libjvm.so+0x6f8440], sa_mask[0]=0x00000004, sa_flags=0x10000004
SIGHUP: SIG_DFL, sa_mask[0]=0x00000000, sa_flags=0x00000000
SIGINT: SIG_DFL, sa_mask[0]=0x00000000, sa_flags=0x00000000
SIGTERM: SIG_DFL, sa_mask[0]=0x00000000, sa_flags=0x00000000
SIGQUIT: SIG_DFL, sa_mask[0]=0x00000000, sa_flags=0x00000000


---------------  S Y S T E M  ---------------

OS:Ubuntu 12.10 (quantal)
uname:Linux 3.5.0-23-generic #35-Ubuntu SMP Thu Jan 24 13:15:40 UTC 2013 x86_64
libc:glibc 2.15 NPTL 2.15 
rlimit: STACK 8192k, CORE 0k, NPROC 46575, NOFILE 4096, AS infinity
load average:0.01 0.08 0.19

/proc/meminfo:
MemTotal:        5980000 kB
MemFree:         3740184 kB
Buffers:           97968 kB
Cached:           931796 kB
SwapCached:            0 kB
Active:          1228072 kB
Inactive:         796572 kB
Active(anon):    1003268 kB
Inactive(anon):   205252 kB
Active(file):     224804 kB
Inactive(file):   591320 kB
Unevictable:       31340 kB
Mlocked:           31340 kB
SwapTotal:       3999740 kB
SwapFree:        3999740 kB
Dirty:               120 kB
Writeback:             0 kB
AnonPages:       1026456 kB
Mapped:           165764 kB
Shmem:            207816 kB
Slab:              73200 kB
SReclaimable:      45556 kB
SUnreclaim:        27644 kB
KernelStack:        4000 kB
PageTables:        30284 kB
NFS_Unstable:          0 kB
Bounce:                0 kB
WritebackTmp:          0 kB
CommitLimit:     6989740 kB
Committed_AS:    4355220 kB
VmallocTotal:   34359738367 kB
VmallocUsed:      410180 kB
VmallocChunk:   34359325679 kB
HardwareCorrupted:     0 kB
AnonHugePages:         0 kB
HugePages_Total:       0
HugePages_Free:        0
HugePages_Rsvd:        0
HugePages_Surp:        0
Hugepagesize:       2048 kB
DirectMap4k:       63488 kB
DirectMap2M:     6135808 kB


CPU:total 4 (2 cores per cpu, 2 threads per core) family 6 model 58 stepping 9, cmov, cx8, fxsr, mmx, sse, sse2, sse3, ssse3, sse4.1, sse4.2, popcnt, avx, ht, tsc, tscinvbit, tscinv

/proc/cpuinfo:
processor	: 0
vendor_id	: GenuineIntel
cpu family	: 6
model		: 58
model name	: Intel(R) Core(TM) i5-3210M CPU @ 2.50GHz
stepping	: 9
microcode	: 0x12
cpu MHz		: 1200.000
cache size	: 3072 KB
physical id	: 0
siblings	: 4
core id		: 0
cpu cores	: 2
apicid		: 0
initial apicid	: 0
fpu		: yes
fpu_exception	: yes
cpuid level	: 13
wp		: yes
flags		: fpu vme de pse tsc msr pae mce cx8 apic sep mtrr pge mca cmov pat pse36 clflush dts acpi mmx fxsr sse sse2 ss ht tm pbe syscall nx rdtscp lm constant_tsc arch_perfmon pebs bts rep_good nopl xtopology nonstop_tsc aperfmperf pni pclmulqdq dtes64 monitor ds_cpl vmx est tm2 ssse3 cx16 xtpr pdcm pcid sse4_1 sse4_2 x2apic popcnt tsc_deadline_timer aes xsave avx f16c rdrand lahf_lm ida arat epb xsaveopt pln pts dtherm tpr_shadow vnmi flexpriority ept vpid fsgsbase smep erms
bogomips	: 4988.78
clflush size	: 64
cache_alignment	: 64
address sizes	: 36 bits physical, 48 bits virtual
power management:

processor	: 1
vendor_id	: GenuineIntel
cpu family	: 6
model		: 58
model name	: Intel(R) Core(TM) i5-3210M CPU @ 2.50GHz
stepping	: 9
microcode	: 0x12
cpu MHz		: 2501.000
cache size	: 3072 KB
physical id	: 0
siblings	: 4
core id		: 0
cpu cores	: 2
apicid		: 1
initial apicid	: 1
fpu		: yes
fpu_exception	: yes
cpuid level	: 13
wp		: yes
flags		: fpu vme de pse tsc msr pae mce cx8 apic sep mtrr pge mca cmov pat pse36 clflush dts acpi mmx fxsr sse sse2 ss ht tm pbe syscall nx rdtscp lm constant_tsc arch_perfmon pebs bts rep_good nopl xtopology nonstop_tsc aperfmperf pni pclmulqdq dtes64 monitor ds_cpl vmx est tm2 ssse3 cx16 xtpr pdcm pcid sse4_1 sse4_2 x2apic popcnt tsc_deadline_timer aes xsave avx f16c rdrand lahf_lm ida arat epb xsaveopt pln pts dtherm tpr_shadow vnmi flexpriority ept vpid fsgsbase smep erms
bogomips	: 4988.78
clflush size	: 64
cache_alignment	: 64
address sizes	: 36 bits physical, 48 bits virtual
power management:

processor	: 2
vendor_id	: GenuineIntel
cpu family	: 6
model		: 58
model name	: Intel(R) Core(TM) i5-3210M CPU @ 2.50GHz
stepping	: 9
microcode	: 0x12
cpu MHz		: 1200.000
cache size	: 3072 KB
physical id	: 0
siblings	: 4
core id		: 1
cpu cores	: 2
apicid		: 2
initial apicid	: 2
fpu		: yes
fpu_exception	: yes
cpuid level	: 13
wp		: yes
flags		: fpu vme de pse tsc msr pae mce cx8 apic sep mtrr pge mca cmov pat pse36 clflush dts acpi mmx fxsr sse sse2 ss ht tm pbe syscall nx rdtscp lm constant_tsc arch_perfmon pebs bts rep_good nopl xtopology nonstop_tsc aperfmperf pni pclmulqdq dtes64 monitor ds_cpl vmx est tm2 ssse3 cx16 xtpr pdcm pcid sse4_1 sse4_2 x2apic popcnt tsc_deadline_timer aes xsave avx f16c rdrand lahf_lm ida arat epb xsaveopt pln pts dtherm tpr_shadow vnmi flexpriority ept vpid fsgsbase smep erms
bogomips	: 4988.78
clflush size	: 64
cache_alignment	: 64
address sizes	: 36 bits physical, 48 bits virtual
power management:

processor	: 3
vendor_id	: GenuineIntel
cpu family	: 6
model		: 58
model name	: Intel(R) Core(TM) i5-3210M CPU @ 2.50GHz
stepping	: 9
microcode	: 0x12
cpu MHz		: 2501.000
cache size	: 3072 KB
physical id	: 0
siblings	: 4
core id		: 1
cpu cores	: 2
apicid		: 3
initial apicid	: 3
fpu		: yes
fpu_exception	: yes
cpuid level	: 13
wp		: yes
flags		: fpu vme de pse tsc msr pae mce cx8 apic sep mtrr pge mca cmov pat pse36 clflush dts acpi mmx fxsr sse sse2 ss ht tm pbe syscall nx rdtscp lm constant_tsc arch_perfmon pebs bts rep_good nopl xtopology nonstop_tsc aperfmperf pni pclmulqdq dtes64 monitor ds_cpl vmx est tm2 ssse3 cx16 xtpr pdcm pcid sse4_1 sse4_2 x2apic popcnt tsc_deadline_timer aes xsave avx f16c rdrand lahf_lm ida arat epb xsaveopt pln pts dtherm tpr_shadow vnmi flexpriority ept vpid fsgsbase smep erms
bogomips	: 4988.78
clflush size	: 64
cache_alignment	: 64
address sizes	: 36 bits physical, 48 bits virtual
power management:



Memory: 4k page, physical 5980000k(3740184k free), swap 3999740k(3999740k free)

vm_info: OpenJDK 64-Bit Server VM (23.2-b09) for linux-amd64 JRE (1.7.0_09-b30), built on Jan 16 2013 03:28:09 by "buildd" with gcc 4.7.2

time: Sat Feb  9 18:42:30 2013
elapsed time: 0 seconds

